d:\users\nate\documents\visual studio 2015\projects\simple_snake\simple_snake\debug\vc140.pdb
d:\users\nate\documents\visual studio 2015\projects\simple_snake\simple_snake\debug\vc140.idb
d:\users\nate\documents\visual studio 2015\projects\simple_snake\simple_snake\debug\fruit.obj
d:\users\nate\documents\visual studio 2015\projects\simple_snake\simple_snake\debug\gameloop.obj
d:\users\nate\documents\visual studio 2015\projects\simple_snake\simple_snake\debug\gameobject.obj
d:\users\nate\documents\visual studio 2015\projects\simple_snake\simple_snake\debug\gamestate.obj
d:\users\nate\documents\visual studio 2015\projects\simple_snake\simple_snake\debug\point.obj
d:\users\nate\documents\visual studio 2015\projects\simple_snake\simple_snake\debug\snake.obj
d:\users\nate\documents\visual studio 2015\projects\simple_snake\simple_snake\debug\direction.obj
d:\users\nate\documents\visual studio 2015\projects\simple_snake\simple_snake\debug\tail.obj
d:\users\nate\documents\visual studio 2015\projects\simple_snake\simple_snake\debug\wall.obj
d:\users\nate\documents\visual studio 2015\projects\simple_snake\debug\simple_snake.ilk
d:\users\nate\documents\visual studio 2015\projects\simple_snake\debug\simple_snake.exe
d:\users\nate\documents\visual studio 2015\projects\simple_snake\debug\simple_snake.pdb
c:\users\nkmit\documents\visual studio 2015\projects\simple_snake\simple_snake\debug\direction.obj
c:\users\nkmit\documents\visual studio 2015\projects\simple_snake\simple_snake\debug\fruit.obj
c:\users\nkmit\documents\visual studio 2015\projects\simple_snake\simple_snake\debug\gameloop.obj
c:\users\nkmit\documents\visual studio 2015\projects\simple_snake\simple_snake\debug\gameobject.obj
c:\users\nkmit\documents\visual studio 2015\projects\simple_snake\simple_snake\debug\gamestate.obj
c:\users\nkmit\documents\visual studio 2015\projects\simple_snake\simple_snake\debug\point.obj
c:\users\nkmit\documents\visual studio 2015\projects\simple_snake\simple_snake\debug\snake.obj
c:\users\nkmit\documents\visual studio 2015\projects\simple_snake\simple_snake\debug\tail.obj
c:\users\nkmit\documents\visual studio 2015\projects\simple_snake\simple_snake\debug\wall.obj
c:\users\nkmit\documents\visual studio 2015\projects\simple_snake\simple_snake\debug\vc140.idb
c:\users\nkmit\documents\visual studio 2015\projects\simple_snake\simple_snake\debug\vc140.pdb
c:\users\nkmit\documents\visual studio 2015\projects\simple_snake\debug\simple_snake.pdb
c:\users\nkmit\documents\visual studio 2015\projects\simple_snake\debug\simple_snake.exe
c:\users\nkmit\documents\visual studio 2015\projects\simple_snake\debug\simple_snake.ilk
c:\users\nkmit\documents\visual studio 2015\projects\simple_snake\simple_snake\debug\simple_snake.tlog\cl.command.1.tlog
c:\users\nkmit\documents\visual studio 2015\projects\simple_snake\simple_snake\debug\simple_snake.tlog\cl.read.1.tlog
c:\users\nkmit\documents\visual studio 2015\projects\simple_snake\simple_snake\debug\simple_snake.tlog\cl.write.1.tlog
c:\users\nkmit\documents\visual studio 2015\projects\simple_snake\simple_snake\debug\simple_snake.tlog\link.command.1.tlog
c:\users\nkmit\documents\visual studio 2015\projects\simple_snake\simple_snake\debug\simple_snake.tlog\link.read.1.tlog
c:\users\nkmit\documents\visual studio 2015\projects\simple_snake\simple_snake\debug\simple_snake.tlog\link.write.1.tlog
